2025-09-23 09:20:36 - __main__ - INFO - --- Step 4: Starting Scrape and Save HTML ---
2025-09-23 09:20:36 - __main__ - INFO - Running in 'development' environment.
2025-09-23 09:20:36 - __main__ - INFO - Input Storage: 'LocalStorageStrategy'
2025-09-23 09:20:36 - __main__ - INFO - Output Storage: 'SQLiteStorageStrategy'
2025-09-23 09:20:36 - __main__ - INFO - Loading unique URLs from 'unique_urls_list.csv'...
2025-09-23 09:20:36 - __main__ - INFO - Loaded 1049 URLs with categories.
2025-09-23 09:20:36 - __main__ - INFO - Scraper class initialized.
2025-09-23 09:20:36 - asyncio - DEBUG - Using selector: KqueueSelector
2025-09-23 09:20:36 - __main__ - INFO - Playwright started and Chromium browser launched.
2025-09-23 09:20:36 - __main__ - INFO - --- [ATTEMPT 1/3] Processing 1049 URLs... ---
2025-09-23 09:20:36 - __main__ - INFO - --- Processing URL 1/1049: https://support.google.com/youtube/answer/9072033?hl=en&ref_topic=13401449 ---
2025-09-23 09:20:36 - __main__ - INFO - URL already exists. Skipping.
2025-09-23 09:20:36 - __main__ - INFO - --- Processing URL 2/1049: https://support.google.com/youtube/answer/9730487?hl=en&ref_topic=13401449 ---
2025-09-23 09:20:36 - __main__ - INFO - URL already exists. Skipping.
2025-09-23 09:20:36 - __main__ - INFO - --- Processing URL 3/1049: https://support.google.com/youtube/answer/9396735?hl=en&ref_topic=13343244 ---
2025-09-23 09:20:36 - __main__ - INFO - URL already exists. Skipping.
2025-09-23 09:20:36 - __main__ - INFO - --- Processing URL 4/1049: https://support.google.com/youtube/answer/6249136?hl=en&ref_topic=13343244 ---
2025-09-23 09:20:36 - __main__ - INFO - URL already exists. Skipping.
2025-09-23 09:20:36 - __main__ - INFO - --- Processing URL 5/1049: https://support.google.com/youtube/answer/7071292?hl=en&ref_topic=13343244 ---
2025-09-23 09:20:37 - __main__ - INFO - Scraping page: https://support.google.com/youtube/answer/7071292?hl=en&ref_topic=13343244
2025-09-23 09:20:40 - __main__ - INFO - Expanding page content by clicking zippy containers...
2025-09-23 09:20:40 - __main__ - ERROR - Target element '.article-container' not found on https://support.google.com/youtube/answer/7071292?hl=en&ref_topic=13343244.
2025-09-23 09:20:40 - __main__ - DEBUG - Page and context for https://support.google.com/youtube/answer/7071292?hl=en&ref_topic=13343244 closed.
2025-09-23 09:20:40 - __main__ - ERROR - Failed on attempt 1 for URL https://support.google.com/youtube/answer/7071292?hl=en&ref_topic=13343244: Scraping returned None, indicating a failure.
2025-09-23 09:20:40 - __main__ - INFO - Waiting for 3.39 seconds...
2025-09-23 09:20:43 - __main__ - INFO - --- Processing URL 6/1049: https://support.google.com/youtube/answer/3545535?hl=en&ref_topic=13343244 ---
2025-09-23 09:20:43 - __main__ - INFO - Scraping page: https://support.google.com/youtube/answer/3545535?hl=en&ref_topic=13343244
2025-09-23 09:20:46 - __main__ - INFO - Expanding page content by clicking zippy containers...
2025-09-23 09:20:46 - __main__ - ERROR - Target element '.article-container' not found on https://support.google.com/youtube/answer/3545535?hl=en&ref_topic=13343244.
2025-09-23 09:20:46 - __main__ - DEBUG - Page and context for https://support.google.com/youtube/answer/3545535?hl=en&ref_topic=13343244 closed.
2025-09-23 09:20:46 - __main__ - ERROR - Failed on attempt 1 for URL https://support.google.com/youtube/answer/3545535?hl=en&ref_topic=13343244: Scraping returned None, indicating a failure.
2025-09-23 09:20:46 - __main__ - INFO - Waiting for 3.32 seconds...
2025-09-23 09:20:49 - __main__ - INFO - --- Processing URL 7/1049: https://support.google.com/youtube/answer/13646088?hl=en&ref_topic=13343244 ---
2025-09-23 09:20:49 - __main__ - INFO - Scraping page: https://support.google.com/youtube/answer/13646088?hl=en&ref_topic=13343244
2025-09-23 09:20:54 - __main__ - INFO - Expanding page content by clicking zippy containers...
2025-09-23 09:20:54 - __main__ - DEBUG - Clicked element 1/4.
2025-09-23 09:20:55 - __main__ - DEBUG - Clicked element 2/4.
2025-09-23 09:20:55 - __main__ - DEBUG - Clicked element 3/4.
2025-09-23 09:20:56 - __main__ - DEBUG - Clicked element 4/4.
2025-09-23 09:20:56 - __main__ - INFO - Successfully extracted HTML content from https://support.google.com/youtube/answer/13646088?hl=en&ref_topic=13343244.
2025-09-23 09:20:56 - __main__ - DEBUG - Page and context for https://support.google.com/youtube/answer/13646088?hl=en&ref_topic=13343244 closed.
2025-09-23 09:20:56 - __main__ - INFO - Waiting for 3.96 seconds...
2025-09-23 09:21:00 - __main__ - INFO - --- Processing URL 8/1049: https://support.google.com/youtube/answer/7239739?hl=en&ref_topic=9257501 ---
2025-09-23 09:21:00 - __main__ - INFO - Scraping page: https://support.google.com/youtube/answer/7239739?hl=en&ref_topic=9257501
2025-09-23 09:21:04 - __main__ - INFO - Expanding page content by clicking zippy containers...
2025-09-23 09:21:04 - __main__ - INFO - Successfully extracted HTML content from https://support.google.com/youtube/answer/7239739?hl=en&ref_topic=9257501.
2025-09-23 09:21:04 - __main__ - DEBUG - Page and context for https://support.google.com/youtube/answer/7239739?hl=en&ref_topic=9257501 closed.
2025-09-23 09:21:04 - __main__ - INFO - Waiting for 2.84 seconds...
2025-09-23 09:21:07 - __main__ - INFO - --- Processing URL 9/1049: https://support.google.com/youtube/answer/6342839?hl=en&ref_topic=9257501 ---
2025-09-23 09:21:07 - __main__ - INFO - Scraping page: https://support.google.com/youtube/answer/6342839?hl=en&ref_topic=9257501
2025-09-23 09:21:11 - __main__ - INFO - Expanding page content by clicking zippy containers...
2025-09-23 09:21:11 - __main__ - DEBUG - Clicked element 1/1.
2025-09-23 09:21:12 - __main__ - INFO - Successfully extracted HTML content from https://support.google.com/youtube/answer/6342839?hl=en&ref_topic=9257501.
2025-09-23 09:21:12 - __main__ - DEBUG - Page and context for https://support.google.com/youtube/answer/6342839?hl=en&ref_topic=9257501 closed.
2025-09-23 09:21:12 - __main__ - INFO - Waiting for 2.69 seconds...
2025-09-23 09:21:15 - __main__ - INFO - --- Processing URL 10/1049: https://support.google.com/youtube/answer/3029103?hl=en&ref_topic=9257501 ---
2025-09-23 09:21:15 - __main__ - INFO - Scraping page: https://support.google.com/youtube/answer/3029103?hl=en&ref_topic=9257501
2025-09-23 09:21:18 - __main__ - INFO - Expanding page content by clicking zippy containers...
2025-09-23 09:21:18 - __main__ - INFO - Successfully extracted HTML content from https://support.google.com/youtube/answer/3029103?hl=en&ref_topic=9257501.
2025-09-23 09:21:18 - __main__ - DEBUG - Page and context for https://support.google.com/youtube/answer/3029103?hl=en&ref_topic=9257501 closed.
2025-09-23 09:21:18 - __main__ - INFO - Waiting for 3.66 seconds...
2025-09-23 09:21:19 - __main__ - INFO - Browser closed and Playwright stopped.
